authentication/app/build/intermediates/manifest_merge_blame_file/debug/manifest-merger-blame-debug-report.txt
1<?xml version="1.0" encoding="utf-8"?>
2<manifest xmlns:android="http://schemas.android.com/apk/res/android"
3    package="com.example.fingerprintauthentication"
4    android:versionCode="1"
5    android:versionName="1.0" >
6
7    <uses-sdk
8        android:minSdkVersion="23"
8-->src/main/AndroidManifest.xml
9        android:targetSdkVersion="29" />
9-->src/main/AndroidManifest.xml
10
11    <uses-feature
11-->src/main/AndroidManifest.xml:5:5-7:35
12        android:name="android.hardware.fingerprint"
12-->src/main/AndroidManifest.xml:6:9-52
13        android:required="true" />
13-->src/main/AndroidManifest.xml:7:9-32
14
15    <uses-permission android:name="android.permission.USE_BIOMETRIC" />
15-->src/main/AndroidManifest.xml:9:5-72
15-->src/main/AndroidManifest.xml:9:22-69
16    <uses-permission android:name="android.permission.USE_FINGERPRINT" /> <!-- .. -->
16-->src/main/AndroidManifest.xml:10:5-74
16-->src/main/AndroidManifest.xml:10:22-71
17    <uses-permission android:name="android.permission.ACCESS_FINE_LOCATION" />
17-->src/main/AndroidManifest.xml:11:5-79
17-->src/main/AndroidManifest.xml:11:22-76
18    <uses-permission android:name="android.permission.INTERNET" /> <!-- .. -->
18-->src/main/AndroidManifest.xml:12:5-67
18-->src/main/AndroidManifest.xml:12:22-64
19    <!-- for bluetooth -->
20    <uses-permission android:name="android.permission.BLUETOOTH" />
20-->src/main/AndroidManifest.xml:14:5-68
20-->src/main/AndroidManifest.xml:14:22-65
21    <uses-permission android:name="android.permission.BLUETOOTH_ADMIN" />
21-->src/main/AndroidManifest.xml:15:5-74
21-->src/main/AndroidManifest.xml:15:22-71
22    <!--
23 If your app targets Android 9 or lower, you can declare
24         ACCESS_COARSE_LOCATION instead.
25    -->
26    <uses-permission android:name="android.permission.ACCESS_FINE_LOCATION" />
26-->src/main/AndroidManifest.xml:11:5-79
26-->src/main/AndroidManifest.xml:11:22-76
27    <uses-permission android:name="android.permission.WAKE_LOCK" />
27-->src/main/AndroidManifest.xml:21:5-68
27-->src/main/AndroidManifest.xml:21:22-65
28    <uses-permission android:name="android.permission.INTERNET" />
28-->src/main/AndroidManifest.xml:12:5-67
28-->src/main/AndroidManifest.xml:12:22-64
29    <uses-permission android:name="android.permission.ACCESSNETWORKSTATE" />
29-->src/main/AndroidManifest.xml:23:5-77
29-->src/main/AndroidManifest.xml:23:22-74
30    <uses-permission android:name="android.permission.ACCESS_NETWORK_STATE" />
30-->[:wahoo_fitness_android_api_1.8.2.0] AndroidManifest.xml:18:5-79
30-->[:wahoo_fitness_android_api_1.8.2.0] AndroidManifest.xml:18:22-76
31
32    <uses-feature
32-->[:wahoo_fitness_android_api_1.8.2.0] AndroidManifest.xml:20:5-22:36
33        android:name="android.hardware.bluetooth_le"
33-->[:wahoo_fitness_android_api_1.8.2.0] AndroidManifest.xml:21:9-53
34        android:required="false" />
34-->[:wahoo_fitness_android_api_1.8.2.0] AndroidManifest.xml:22:9-33
35
36    <application
36-->src/main/AndroidManifest.xml:25:5-42:19
37        android:allowBackup="true"
37-->src/main/AndroidManifest.xml:26:9-35
38        android:appComponentFactory="androidx.core.app.CoreComponentFactory"
38-->[androidx.core:core:1.0.1] AndroidManifest.xml:22:18-86
39        android:debuggable="true"
40        android:icon="@mipmap/ic_launcher"
40-->src/main/AndroidManifest.xml:27:9-43
41        android:label="@string/app_name"
41-->src/main/AndroidManifest.xml:28:9-41
42        android:roundIcon="@mipmap/ic_launcher_round"
42-->src/main/AndroidManifest.xml:29:9-54
43        android:supportsRtl="true"
43-->src/main/AndroidManifest.xml:30:9-35
44        android:testOnly="true"
45        android:theme="@style/AppTheme" >
45-->src/main/AndroidManifest.xml:31:9-40
46
47        <!-- ... -->
48        <activity android:name="com.example.fingerprintauthentication.homepage" />
48-->src/main/AndroidManifest.xml:34:9-46
48-->src/main/AndroidManifest.xml:34:19-43
49        <activity android:name="com.example.fingerprintauthentication.MainActivity" >
49-->src/main/AndroidManifest.xml:35:9-41:20
49-->src/main/AndroidManifest.xml:35:19-47
50            <intent-filter>
50-->src/main/AndroidManifest.xml:36:13-40:29
51                <action android:name="android.intent.action.MAIN" />
51-->src/main/AndroidManifest.xml:37:17-69
51-->src/main/AndroidManifest.xml:37:25-66
52
53                <category android:name="android.intent.category.LAUNCHER" />
53-->src/main/AndroidManifest.xml:39:17-77
53-->src/main/AndroidManifest.xml:39:27-74
54            </intent-filter>
55        </activity>
56        <activity
56-->[com.google.android.gms:play-services-base:17.0.0] AndroidManifest.xml:23:9-26:75
57            android:name="com.google.android.gms.common.api.GoogleApiActivity"
57-->[com.google.android.gms:play-services-base:17.0.0] AndroidManifest.xml:24:13-79
58            android:exported="false"
58-->[com.google.android.gms:play-services-base:17.0.0] AndroidManifest.xml:25:13-37
59            android:theme="@android:style/Theme.Translucent.NoTitleBar" />
59-->[com.google.android.gms:play-services-base:17.0.0] AndroidManifest.xml:26:13-72
60
61        <meta-data
61-->[com.google.android.gms:play-services-basement:17.0.0] AndroidManifest.xml:23:9-25:69
62            android:name="com.google.android.gms.version"
62-->[com.google.android.gms:play-services-basement:17.0.0] AndroidManifest.xml:24:13-58
63            android:value="@integer/google_play_services_version" />
63-->[com.google.android.gms:play-services-basement:17.0.0] AndroidManifest.xml:25:13-66
64    </application>
65
66</manifest>